d:\cesar\20.tec\tc1031_estructura de datos\list\list\debug\list.pch
d:\cesar\20.tec\tc1031_estructura de datos\list\list\debug\vc141.pdb
d:\cesar\20.tec\tc1031_estructura de datos\list\list\debug\vc141.idb
d:\cesar\20.tec\tc1031_estructura de datos\list\list\debug\pch.obj
d:\cesar\20.tec\tc1031_estructura de datos\list\list\debug\main.obj
d:\cesar\20.tec\tc1031_estructura de datos\list\list\debug\list.obj
d:\cesar\20.tec\tc1031_estructura de datos\list\list\debug\staticarraylist.obj
d:\cesar\20.tec\tc1031_estructura de datos\list\list\debug\arraylist.obj
d:\cesar\20.tec\tc1031_estructura de datos\list\list\debug\dynamicarraylist.obj
d:\cesar\20.tec\tc1031_estructura de datos\list\list\debug\nodose.obj
d:\cesar\20.tec\tc1031_estructura de datos\list\list\debug\listse.obj
d:\cesar\20.tec\tc1031_estructura de datos\list\list\debug\persona.obj
d:\cesar\20.tec\tc1031_estructura de datos\list\list\debug\one.obj
d:\cesar\20.tec\tc1031_estructura de datos\list\list\debug\listsec.obj
d:\cesar\20.tec\tc1031_estructura de datos\list\list\debug\estado.obj
d:\cesar\20.tec\tc1031_estructura de datos\list\list\debug\pila.obj
d:\cesar\20.tec\tc1031_estructura de datos\list\list\debug\pilase.obj
d:\cesar\20.tec\tc1031_estructura de datos\list\list\debug\cola.obj
d:\cesar\20.tec\tc1031_estructura de datos\list\list\debug\colase.obj
d:\cesar\20.tec\tc1031_estructura de datos\list\debug\list.exe
d:\cesar\20.tec\tc1031_estructura de datos\list\debug\list.ilk
d:\cesar\20.tec\tc1031_estructura de datos\list\debug\list.pdb
d:\cesar\20.tec\tc1031_estructura de datos\list\list\debug\list.tlog\cl.command.1.tlog
d:\cesar\20.tec\tc1031_estructura de datos\list\list\debug\list.tlog\cl.read.1.tlog
d:\cesar\20.tec\tc1031_estructura de datos\list\list\debug\list.tlog\cl.write.1.tlog
d:\cesar\20.tec\tc1031_estructura de datos\list\list\debug\list.tlog\link.command.1.tlog
d:\cesar\20.tec\tc1031_estructura de datos\list\list\debug\list.tlog\link.read.1.tlog
d:\cesar\20.tec\tc1031_estructura de datos\list\list\debug\list.tlog\link.write.1.tlog
